Watching for file changes with StatReloader
[10/Aug/2019 01:42:15] "GET /admin/app01/article/ HTTP/1.1" 200 5438
[10/Aug/2019 01:42:15] "GET /static/admin/css/base.css HTTP/1.1" 304 0
[10/Aug/2019 01:42:15] "GET /static/admin/css/changelists.css HTTP/1.1" 304 0
[10/Aug/2019 01:42:15] "GET /static/admin/css/responsive.css HTTP/1.1" 304 0
[10/Aug/2019 01:42:15] "GET /static/admin/js/jquery.init.js HTTP/1.1" 304 0
[10/Aug/2019 01:42:15] "GET /admin/jsi18n/ HTTP/1.1" 200 7722
[10/Aug/2019 01:42:15] "GET /static/admin/js/vendor/jquery/jquery.js HTTP/1.1" 304 0
[10/Aug/2019 01:42:15] "GET /static/admin/js/core.js HTTP/1.1" 304 0
[10/Aug/2019 01:42:16] "GET /static/admin/js/admin/RelatedObjectLookups.js HTTP/1.1" 304 0
[10/Aug/2019 01:42:16] "GET /static/admin/js/actions.js HTTP/1.1" 304 0
[10/Aug/2019 01:42:16] "GET /static/admin/js/urlify.js HTTP/1.1" 304 0
[10/Aug/2019 01:42:16] "GET /static/admin/js/prepopulate.js HTTP/1.1" 304 0
[10/Aug/2019 01:42:16] "GET /static/admin/js/vendor/xregexp/xregexp.js HTTP/1.1" 304 0
[10/Aug/2019 01:42:16] "GET /static/admin/css/fonts.css HTTP/1.1" 304 0
[10/Aug/2019 01:42:16] "GET /static/admin/fonts/Roboto-Regular-webfont.woff HTTP/1.1" 304 0
[10/Aug/2019 01:42:16] "GET /static/admin/img/sorting-icons.svg HTTP/1.1" 304 0
[10/Aug/2019 01:42:16] "GET /static/admin/img/tooltag-add.svg HTTP/1.1" 304 0
[10/Aug/2019 01:42:16] "GET /static/admin/fonts/Roboto-Light-webfont.woff HTTP/1.1" 304 0
[10/Aug/2019 01:42:16] "GET /static/admin/fonts/Roboto-Bold-webfont.woff HTTP/1.1" 304 0
[10/Aug/2019 01:42:17] "GET /admin/ HTTP/1.1" 200 7167
[10/Aug/2019 01:42:17] "GET /static/admin/css/dashboard.css HTTP/1.1" 304 0
[10/Aug/2019 01:42:18] "GET /static/admin/img/icon-changelink.svg HTTP/1.1" 304 0
[10/Aug/2019 01:42:18] "GET /static/admin/img/icon-addlink.svg HTTP/1.1" 304 0
[10/Aug/2019 01:42:18] "GET /static/admin/img/icon-deletelink.svg HTTP/1.1" 304 0
[10/Aug/2019 01:42:23] "GET /admin/ HTTP/1.1" 200 7167
[10/Aug/2019 01:42:23] "GET /admin/ HTTP/1.1" 200 7167
[10/Aug/2019 01:42:24] "GET /admin/app01/article/ HTTP/1.1" 200 5438
[10/Aug/2019 01:42:24] "GET /admin/jsi18n/ HTTP/1.1" 200 7722
[10/Aug/2019 01:43:22] "GET / HTTP/1.1" 200 7398
[10/Aug/2019 01:43:22] "GET /static/css/animate.min.css HTTP/1.1" 304 0
[10/Aug/2019 01:43:22] "GET /static/css/remixicon.css HTTP/1.1" 304 0
[10/Aug/2019 01:43:22] "GET /static/js/jquery-3.4.1.js HTTP/1.1" 304 0
[10/Aug/2019 01:43:22] "GET /static/css/zozo.css HTTP/1.1" 304 0
[10/Aug/2019 01:43:22] "GET /static/css/highlight.css HTTP/1.1" 304 0
[10/Aug/2019 01:43:22] "GET /static/js/zozo.js HTTP/1.1" 304 0
[10/Aug/2019 01:43:22] "GET /static/js/font.js HTTP/1.1" 304 0
[10/Aug/2019 01:43:22] "GET /static/js/fancybox.min.js HTTP/1.1" 304 0
[10/Aug/2019 01:43:22] "GET /static/images/logod.svg HTTP/1.1" 304 0
[10/Aug/2019 01:43:22] "GET /static/js/highlight.pack.js HTTP/1.1" 304 0
[10/Aug/2019 01:43:22] "GET /static/js/analytics.js HTTP/1.1" 304 0
[10/Aug/2019 01:43:22] "GET /static/fonts/remixicon.woff2-t=1553697486737 HTTP/1.1" 304 0
[10/Aug/2019 01:43:23] "GET /static/images/images/favicon-32x32.png HTTP/1.1" 404 1721
[10/Aug/2019 01:43:23] "GET /static/images/favicon-16x16.png HTTP/1.1" 304 0
[10/Aug/2019 01:43:40] "GET /blog/2/ HTTP/1.1" 200 7556
[10/Aug/2019 01:43:40] "GET /media/uploads/blog/images/c9614ce736d12f2e2530879e4ec2d562843568a0_20190809235813_259.jpg HTTP/1.1" 304 0
[10/Aug/2019 01:43:41] "GET /static/images/images/favicon-32x32.png HTTP/1.1" 404 1721
[10/Aug/2019 01:44:03] "GET / HTTP/1.1" 200 7398
[10/Aug/2019 01:44:03] "GET /static/images/images/favicon-32x32.png HTTP/1.1" 404 1721
[10/Aug/2019 01:44:08] "GET /admin HTTP/1.1" 301 0
[10/Aug/2019 01:44:08] "GET /admin/ HTTP/1.1" 302 0
[10/Aug/2019 01:44:09] "GET /admin/login/?next=/admin/ HTTP/1.1" 200 1821
[10/Aug/2019 01:44:09] "GET /static/admin/css/base.css HTTP/1.1" 200 16378
[10/Aug/2019 01:44:09] "GET /static/admin/css/login.css HTTP/1.1" 200 1233
[10/Aug/2019 01:44:09] "GET /static/admin/css/responsive.css HTTP/1.1" 200 17944
[10/Aug/2019 01:44:09] "GET /static/admin/css/fonts.css HTTP/1.1" 200 423
[10/Aug/2019 01:44:09] "GET /static/admin/fonts/Roboto-Regular-webfont.woff HTTP/1.1" 200 85876
[10/Aug/2019 01:44:09] "GET /static/admin/fonts/Roboto-Light-webfont.woff HTTP/1.1" 200 85692
Not Found: /favicon.ico
[10/Aug/2019 01:44:09] "GET /favicon.ico HTTP/1.1" 404 3085
[10/Aug/2019 01:44:19] "POST /admin/login/?next=/admin/ HTTP/1.1" 302 0
[10/Aug/2019 01:44:19] "GET /admin/ HTTP/1.1" 200 7167
[10/Aug/2019 01:44:19] "GET /static/admin/css/dashboard.css HTTP/1.1" 200 412
[10/Aug/2019 01:44:19] "GET /static/admin/img/icon-addlink.svg HTTP/1.1" 200 331
[10/Aug/2019 01:44:19] "GET /static/admin/img/icon-changelink.svg HTTP/1.1" 200 380
[10/Aug/2019 01:44:19] "GET /static/admin/img/icon-deletelink.svg HTTP/1.1" 200 392
[10/Aug/2019 01:44:19] "GET /static/admin/fonts/Roboto-Bold-webfont.woff HTTP/1.1" 200 86184
Not Found: /favicon.ico
[10/Aug/2019 01:44:19] "GET /favicon.ico HTTP/1.1" 404 3085
[10/Aug/2019 01:44:22] "GET /admin/app01/article/ HTTP/1.1" 200 5438
[10/Aug/2019 01:44:22] "GET /static/admin/js/core.js HTTP/1.1" 200 7099
[10/Aug/2019 01:44:23] "GET /static/admin/js/admin/RelatedObjectLookups.js HTTP/1.1" 200 6918
[10/Aug/2019 01:44:23] "GET /static/admin/css/changelists.css HTTP/1.1" 200 6170
[10/Aug/2019 01:44:23] "GET /admin/jsi18n/ HTTP/1.1" 200 7722
[10/Aug/2019 01:44:23] "GET /static/admin/js/jquery.init.js HTTP/1.1" 200 363
[10/Aug/2019 01:44:23] "GET /static/admin/js/actions.js HTTP/1.1" 200 6766
[10/Aug/2019 01:44:23] "GET /static/admin/js/urlify.js HTTP/1.1" 200 8941
[10/Aug/2019 01:44:23] "GET /static/admin/js/vendor/jquery/jquery.js HTTP/1.1" 200 271817
[10/Aug/2019 01:44:23] "GET /static/admin/js/prepopulate.js HTTP/1.1" 200 1530
[10/Aug/2019 01:44:23] "GET /static/admin/js/vendor/xregexp/xregexp.js HTTP/1.1" 200 128820
[10/Aug/2019 01:44:23] "GET /static/admin/img/sorting-icons.svg HTTP/1.1" 200 1097
[10/Aug/2019 01:44:23] "GET /static/admin/img/tooltag-add.svg HTTP/1.1" 200 331
Not Found: /favicon.ico
[10/Aug/2019 01:44:23] "GET /favicon.ico HTTP/1.1" 404 3085
[10/Aug/2019 01:44:25] "GET /admin/app01/article/2/change/ HTTP/1.1" 200 10191
[10/Aug/2019 01:44:25] "GET /static/admin/css/forms.css HTTP/1.1" 200 8518
[10/Aug/2019 01:44:25] "GET /static/ueditor/ueditor.config.js HTTP/1.1" 200 19826
[10/Aug/2019 01:44:25] "GET /admin/jsi18n/ HTTP/1.1" 200 7722
[10/Aug/2019 01:44:25] "GET /static/admin/css/widgets.css HTTP/1.1" 200 10340
[10/Aug/2019 01:44:25] "GET /static/ueditor/ueditor.all.min.js HTTP/1.1" 200 367806
[10/Aug/2019 01:44:25] "GET /static/admin/js/prepopulate_init.js HTTP/1.1" 200 495
[10/Aug/2019 01:44:25] "GET /static/ueditor/lang/zh-cn/zh-cn.js HTTP/1.1" 200 30020
[10/Aug/2019 01:44:25] "GET /static/ueditor/themes/default/css/ueditor.css HTTP/1.1" 200 43760
[10/Aug/2019 01:44:25] "GET /ueditor/controller/?imagePathFormat=uploads%2Fblog%2Fimages%2F&filePathFormat=uploads%2Fblog%2Ffiles&action=config&&noCache=1565372663792 HTTP/1.1" 200 2171
[10/Aug/2019 01:44:25] "GET /static/admin/js/change_form.js HTTP/1.1" 200 712
[10/Aug/2019 01:44:25] "GET /static/ueditor/themes/default/images/icons.png HTTP/1.1" 200 19694
[10/Aug/2019 01:44:25] "GET /static/ueditor/themes/default/images/scale.png HTTP/1.1" 200 167
[10/Aug/2019 01:44:25] "GET /static/ueditor/themes/iframe.css HTTP/1.1" 200 41
[10/Aug/2019 01:44:26] "GET /static/ueditor/third-party/codemirror/codemirror.css HTTP/1.1" 200 2888
[10/Aug/2019 01:44:26] "GET /static/ueditor/third-party/zeroclipboard/ZeroClipboard.js HTTP/1.1" 200 43216
[10/Aug/2019 01:44:26] "GET /static/ueditor/third-party/codemirror/codemirror.js HTTP/1.1" 200 158605
Not Found: /favicon.ico
[10/Aug/2019 01:44:26] "GET /favicon.ico HTTP/1.1" 404 3085
[10/Aug/2019 01:44:29] "GET /static/ueditor/themes/default/images/dialog-title-bg.png HTTP/1.1" 200 938
[10/Aug/2019 01:44:29] "GET /static/ueditor/themes/default/images/icons-all.gif HTTP/1.1" 200 3750
[10/Aug/2019 01:44:29] "GET /static/ueditor/dialogs/link/link.html HTTP/1.1" 200 4386
[10/Aug/2019 01:44:29] "GET /static/ueditor/dialogs/internal.js HTTP/1.1" 200 2682
[10/Aug/2019 01:44:29] "GET /static/ueditor/themes/default/dialogbase.css?cache=0.10078613168829875 HTTP/1.1" 200 1685
[10/Aug/2019 01:44:42] "POST /admin/app01/article/2/change/ HTTP/1.1" 302 0
[10/Aug/2019 01:44:42] "GET /admin/app01/article/ HTTP/1.1" 200 5628
[10/Aug/2019 01:44:43] "GET /admin/jsi18n/ HTTP/1.1" 200 7722
[10/Aug/2019 01:44:43] "GET /static/admin/img/icon-yes.svg HTTP/1.1" 200 436
Not Found: /favicon.ico
[10/Aug/2019 01:44:43] "GET /favicon.ico HTTP/1.1" 404 3085
[10/Aug/2019 01:44:45] "GET / HTTP/1.1" 200 7398
[10/Aug/2019 01:44:46] "GET /static/images/images/favicon-32x32.png HTTP/1.1" 404 1721
[10/Aug/2019 01:44:47] "GET /blog/2/ HTTP/1.1" 200 7556
[10/Aug/2019 01:44:48] "GET /static/images/images/favicon-32x32.png HTTP/1.1" 404 1721
[10/Aug/2019 01:46:13] "GET / HTTP/1.1" 200 7398
[10/Aug/2019 01:46:14] "GET /static/images/images/favicon-32x32.png HTTP/1.1" 404 1721
[10/Aug/2019 01:46:18] "GET / HTTP/1.1" 200 7398
[10/Aug/2019 01:46:18] "GET /static/images/images/favicon-32x32.png HTTP/1.1" 404 1721
[10/Aug/2019 01:46:33] "GET /blog/5/ HTTP/1.1" 200 4912
[10/Aug/2019 01:46:33] "GET /static/images/images/favicon-32x32.png HTTP/1.1" 404 1721
[10/Aug/2019 01:47:03] "GET /blog/6/ HTTP/1.1" 200 5733
[10/Aug/2019 01:47:04] "GET /static/images/images/favicon-32x32.png HTTP/1.1" 404 1721
[10/Aug/2019 01:47:13] "GET /blog/2/ HTTP/1.1" 200 7556
[10/Aug/2019 01:47:14] "GET /static/images/images/favicon-32x32.png HTTP/1.1" 404 1721
[10/Aug/2019 08:00:21] "GET / HTTP/1.1" 200 7398
Not Found: /http:/www.baidu.com/cache/global/img/gs.gif
[10/Aug/2019 08:28:50] "GET http://www.baidu.com/cache/global/img/gs.gif HTTP/1.1" 404 1738
----------------------------------------
Exception happened during processing of request from ('80.82.70.187', 54517)
Traceback (most recent call last):
  File "/usr/lib/python3.6/socketserver.py", line 654, in process_request_thread
    self.finish_request(request, client_address)
  File "/usr/lib/python3.6/socketserver.py", line 364, in finish_request
    self.RequestHandlerClass(request, client_address, self)
  File "/usr/lib/python3.6/socketserver.py", line 724, in __init__
    self.handle()
  File "/usr/local/lib/python3.6/dist-packages/django/core/servers/basehttp.py", line 171, in handle
    self.handle_one_request()
  File "/usr/local/lib/python3.6/dist-packages/django/core/servers/basehttp.py", line 179, in handle_one_request
    self.raw_requestline = self.rfile.readline(65537)
  File "/usr/lib/python3.6/socket.py", line 586, in readinto
    return self._sock.recv_into(b)
ConnectionResetError: [Errno 104] Connection reset by peer
----------------------------------------
[10/Aug/2019 09:25:23] "GET /?nsukey=s6OcZVKaj87Ezblp0XkJepFw7AJHH%2FCKZSkmYCgYoVc%2BiIK8QdMDsuhQ6M%2FnOKaXtSTOjF%2Bkaa6YFSnF%2B0VqbwQw6vMcGWVJClHoyCVOt2hDi%2FB2R%2BJRXwYewVyswH%2BUzE10QYzysw6g76hoXWorWtoYpdrOW%2BJRr9rOXC7nBBh12bDl%2BHZmOQGDIYpAW%2FJQqX%2FEIH2dmwO0i%2BX3CgpXug%3D%3D HTTP/1.1" 200 7398
[10/Aug/2019 09:25:23] "GET /static/css/animate.min.css HTTP/1.1" 200 57988
[10/Aug/2019 09:25:23] "GET /static/css/highlight.css HTTP/1.1" 200 1067
[10/Aug/2019 09:25:23] "GET /static/css/zozo.css HTTP/1.1" 200 10432
[10/Aug/2019 09:25:24] "GET /static/css/remixicon.css HTTP/1.1" 200 77898
[10/Aug/2019 09:25:24] "GET /static/js/zozo.js HTTP/1.1" 200 1893
[10/Aug/2019 09:25:24] "GET /static/js/font.js HTTP/1.1" 200 619
[10/Aug/2019 09:25:24] "GET /static/js/highlight.pack.js HTTP/1.1" 200 92931
[10/Aug/2019 09:25:25] "GET /static/js/jquery-3.4.1.js HTTP/1.1" 200 86927
[10/Aug/2019 09:25:25] "GET /static/js/fancybox.min.js HTTP/1.1" 200 68262
[10/Aug/2019 09:25:25] "GET /static/js/analytics.js HTTP/1.1" 200 74032
[10/Aug/2019 09:25:25] "GET /static/images/logod.svg HTTP/1.1" 200 911
[10/Aug/2019 09:25:25] "GET /static/fonts/remixicon.woff2-t=1553697486737 HTTP/1.1" 200 84308
[10/Aug/2019 09:26:23] "GET / HTTP/1.1" 200 7398
[10/Aug/2019 09:26:24] "GET /?nsukey=s6OcZVKaj87Ezblp0XkJepFw7AJHH%2FCKZSkmYCgYoVc%2BiIK8QdMDsuhQ6M%2FnOKaXtSTOjF%2Bkaa6YFSnF%2B0VqbwQw6vMcGWVJClHoyCVOt2hDi%2FB2R%2BJRXwYewVyswH%2BUzE10QYzysw6g76hoXWorWtoYpdrOW%2BJRr9rOXC7nBBh12bDl%2BHZmOQGDIYpAW%2FJQqX%2FEIH2dmwO0i%2BX3CgpXug%3D%3D HTTP/1.1" 200 7398
[10/Aug/2019 09:26:30] "GET /static/js/jquery-3.4.1.js HTTP/1.1" 200 86927
[10/Aug/2019 09:26:41] "GET /static/js/jquery-3.4.1.js HTTP/1.1" 200 86927
[10/Aug/2019 09:27:10] "GET /static/js/zozo.js HTTP/1.1" 200 1893
[10/Aug/2019 09:27:20] "GET /static/js/font.js HTTP/1.1" 200 619
[10/Aug/2019 09:27:33] "GET /static/js/highlight.pack.js HTTP/1.1" 200 92931
[10/Aug/2019 09:27:37] "GET /static/js/zozo.js HTTP/1.1" 200 1893
[10/Aug/2019 09:27:54] "GET /static/js/font.js HTTP/1.1" 200 619
[10/Aug/2019 09:28:05] "GET /static/js/fancybox.min.js HTTP/1.1" 200 68262
[10/Aug/2019 09:28:11] "GET /static/js/highlight.pack.js HTTP/1.1" 200 92931
[10/Aug/2019 09:28:23] "GET /static/js/analytics.js HTTP/1.1" 200 74032
[10/Aug/2019 09:28:52] "GET /static/js/fancybox.min.js HTTP/1.1" 200 68262
[10/Aug/2019 09:29:27] "GET /static/js/analytics.js HTTP/1.1" 200 74032
[10/Aug/2019 11:16:23] "GET /?nsukey=NrPvgji55G%2BBIep1GcajHN8B8MzPDX206l%2FR6eWVOBeimDTfQCHX0oAGk4C6O8Mgzhj8i%2B6%2FZyQFp9QrXnblkJYaOzoHpFZxMsxKUyR9Nt21d%2BvsDmLc3nD322YI9S%2FQhMcQ0bMpFLdC1MSAGWdASw%3D%3D HTTP/1.1" 200 7398
[10/Aug/2019 11:16:23] "GET /static/css/animate.min.css HTTP/1.1" 304 0
[10/Aug/2019 11:16:23] "GET /static/css/zozo.css HTTP/1.1" 304 0
[10/Aug/2019 11:16:23] "GET /static/css/highlight.css HTTP/1.1" 304 0
[10/Aug/2019 11:16:23] "GET /static/css/remixicon.css HTTP/1.1" 304 0
[10/Aug/2019 11:16:23] "GET /static/js/jquery-3.4.1.js HTTP/1.1" 304 0
[10/Aug/2019 11:16:23] "GET /static/js/zozo.js HTTP/1.1" 304 0
[10/Aug/2019 11:16:23] "GET /static/js/font.js HTTP/1.1" 304 0
[10/Aug/2019 11:16:23] "GET /static/js/highlight.pack.js HTTP/1.1" 304 0
[10/Aug/2019 11:16:23] "GET /static/js/fancybox.min.js HTTP/1.1" 304 0
[10/Aug/2019 11:16:23] "GET /static/images/logod.svg HTTP/1.1" 304 0
[10/Aug/2019 11:16:23] "GET /static/js/analytics.js HTTP/1.1" 304 0
[10/Aug/2019 11:16:23] "GET /static/fonts/remixicon.woff2-t=1553697486737 HTTP/1.1" 304 0
[10/Aug/2019 11:17:29] "GET /?nsukey=NrPvgji55G%2BBIep1GcajHN8B8MzPDX206l%2FR6eWVOBeimDTfQCHX0oAGk4C6O8Mgzhj8i%2B6%2FZyQFp9QrXnblkJYaOzoHpFZxMsxKUyR9Nt21d%2BvsDmLc3nD322YI9S%2FQhMcQ0bMpFLdC1MSAGWdASw%3D%3D HTTP/1.1" 200 7398
[10/Aug/2019 11:17:45] "GET /static/js/jquery-3.4.1.js HTTP/1.1" 200 86927
[10/Aug/2019 11:18:27] "GET /static/js/zozo.js HTTP/1.1" 200 1893
[10/Aug/2019 11:18:45] "GET /static/js/font.js HTTP/1.1" 200 619
[10/Aug/2019 11:18:56] "GET /static/js/highlight.pack.js HTTP/1.1" 200 92931
[10/Aug/2019 11:19:45] "GET /static/js/fancybox.min.js HTTP/1.1" 200 68262
[10/Aug/2019 11:20:00] "GET /?nsukey=FEDiu3veCXJRbC1N8D6oZwwlBh%2B7IvORfexDe%2FU9IVFVJCJEC%2F8vzgwV6OyJ6uZE1J4gxqH%2FwneUA1JhPaDUXOKycHiv3I4hxAOOCGHRrN0uj%2BrD9tzH%2BzGDGEc8TZCTvDGQIYU1NtoMTreiNVokeGoQ8MuyWAXZX72VyJjRaNVAGf7c%2B1g7%2BM1fZlxY36pKTdIhALQDsWlglrP7KFCclg%3D%3D HTTP/1.1" 200 7398
[10/Aug/2019 11:20:09] "GET /blog/6/ HTTP/1.1" 200 5733
[10/Aug/2019 11:20:09] "GET /static/images/favicon-16x16.png HTTP/1.1" 200 1788
[10/Aug/2019 11:20:10] "GET /blog/6/?nsukey=j%2FP0z0tdySuxQxEb%2BIxUgA581e9ZuhEuQ3QkYmDLG%2B34i79Tbt8AN2nEJpswSXlbJSf1p5letVHjWduHIft%2BuYA8pojsX3OEx%2BBefiK2YUAfuiPWw8Ty9a90XLZn0W7etfC%2BaGB8esG9Sg40Cz1RAShihMj%2B9Ft0V%2Fiko5QI4yyn4ox4%2BFblmNVyW1YhqHdtGbozYr1PeZpkieteir1JTg%3D%3D HTTP/1.1" 200 5733
[10/Aug/2019 11:20:19] "GET /static/images/favicon-16x16.png HTTP/1.1" 200 1788
[10/Aug/2019 11:20:19] "GET /static/images/images/favicon-32x32.png HTTP/1.1" 404 1721
[10/Aug/2019 11:20:31] "GET /static/js/analytics.js HTTP/1.1" 200 74032
[10/Aug/2019 11:21:05] "GET /?nsukey=FEDiu3veCXJRbC1N8D6oZwwlBh%2B7IvORfexDe%2FU9IVFVJCJEC%2F8vzgwV6OyJ6uZE1J4gxqH%2FwneUA1JhPaDUXOKycHiv3I4hxAOOCGHRrN0uj%2BrD9tzH%2BzGDGEc8TZCTvDGQIYU1NtoMTreiNVokeGoQ8MuyWAXZX72VyJjRaNVAGf7c%2B1g7%2BM1fZlxY36pKTdIhALQDsWlglrP7KFCclg%3D%3D HTTP/1.1" 200 7398
[10/Aug/2019 11:21:14] "GET /blog/6 HTTP/1.1" 301 0
[10/Aug/2019 11:21:22] "GET /static/js/jquery-3.4.1.js HTTP/1.1" 200 86927
[10/Aug/2019 11:22:06] "GET /static/js/zozo.js HTTP/1.1" 200 1893
[10/Aug/2019 11:22:25] "GET /static/js/font.js HTTP/1.1" 200 619
[10/Aug/2019 11:22:42] "GET /static/js/highlight.pack.js HTTP/1.1" 200 92931
[10/Aug/2019 11:23:20] "GET /static/js/fancybox.min.js HTTP/1.1" 200 68262
[10/Aug/2019 11:23:58] "GET /static/js/analytics.js HTTP/1.1" 200 74032
